<?xml version="1.0" encoding="UTF-8" ?>
<testsuite tests="5" failures="1" name="selenium.test.cases.HepsiBuradaTest" time="180.993" errors="0" skipped="0">
  <properties>
[...]
</properties>
  <testcase classname="selenium.test.cases.HepsiBuradaTest" name="panelControl[4]" time="31.159">
    <failure message="expected:&lt;&quot;[telefon&quot; için en iyi sonuçlar]&gt; but was:&lt;&quot;[TELEFON&quot; IÇIN EN IYI SONUÇLAR]&gt;" type="org.junit.ComparisonFailure">org.junit.ComparisonFailure: expected:&lt;&quot;[telefon&quot; için en iyi sonuçlar]&gt; but was:&lt;&quot;[TELEFON&quot; IÇIN EN IYI SONUÇLAR]&gt;
	at org.junit.Assert.assertEquals(Assert.java:115)
	at org.junit.Assert.assertEquals(Assert.java:144)
	at selenium.test.cases.HepsiBuradaTest.panelControl(HepsiBuradaTest.java:54)
	at sun.reflect.NativeMethodAccessorImpl.invoke0(Native Method)
	at sun.reflect.NativeMethodAccessorImpl.invoke(NativeMethodAccessorImpl.java:62)
	at sun.reflect.DelegatingMethodAccessorImpl.invoke(DelegatingMethodAccessorImpl.java:43)
	at java.lang.reflect.Method.invoke(Method.java:498)
	at org.junit.runners.model.FrameworkMethod$1.runReflectiveCall(FrameworkMethod.java:50)
	at org.junit.internal.runners.model.ReflectiveCallable.run(ReflectiveCallable.java:12)
	at org.junit.runners.model.FrameworkMethod.invokeExplosively(FrameworkMethod.java:47)
	at org.junit.internal.runners.statements.InvokeMethod.evaluate(InvokeMethod.java:17)
	at org.junit.internal.runners.statements.RunBefores.evaluate(RunBefores.java:26)
	at org.junit.internal.runners.statements.RunAfters.evaluate(RunAfters.java:27)
	at org.junit.runners.ParentRunner.runLeaf(ParentRunner.java:325)
	at org.junit.runners.BlockJUnit4ClassRunner.runChild(BlockJUnit4ClassRunner.java:78)
	at org.junit.runners.BlockJUnit4ClassRunner.runChild(BlockJUnit4ClassRunner.java:57)
	at org.junit.runners.ParentRunner$3.run(ParentRunner.java:290)
	at org.junit.runners.ParentRunner$1.schedule(ParentRunner.java:71)
	at org.junit.runners.ParentRunner.runChildren(ParentRunner.java:288)
	at org.junit.runners.ParentRunner.access$000(ParentRunner.java:58)
	at org.junit.runners.ParentRunner$2.evaluate(ParentRunner.java:268)
	at org.junit.runners.ParentRunner.run(ParentRunner.java:363)
	at org.junit.runners.Suite.runChild(Suite.java:128)
	at org.junit.runners.Suite.runChild(Suite.java:27)
	at org.junit.runners.ParentRunner$3.run(ParentRunner.java:290)
	at java.util.concurrent.Executors$RunnableAdapter.call(Executors.java:511)
	at java.util.concurrent.FutureTask.run(FutureTask.java:266)
	at java.util.concurrent.ThreadPoolExecutor.runWorker(ThreadPoolExecutor.java:1149)
	at java.util.concurrent.ThreadPoolExecutor$Worker.run(ThreadPoolExecutor.java:624)
	at java.lang.Thread.run(Thread.java:748)
</failure>
    <system-out>Starting test panelControl, for browser:chromeV60.0.3112.113
Select Query: SELECT ID, VALUE, ACTIVE_FLAG from SCENARIO_INPUTS WHERE SCENARIO_NAME = &apos;HepsiBuradaTest&apos; AND TEST_STEP = &apos;panelControl&apos; AND VARIABLE = &apos;url&apos; AND ACTIVE_FLAG = &apos;1&apos; LIMIT 1
Starting test panelControl, for browser:chromeV61.0.3163.79
Select Query: SELECT ID, VALUE, ACTIVE_FLAG from SCENARIO_INPUTS WHERE SCENARIO_NAME = &apos;HepsiBuradaTest&apos; AND TEST_STEP = &apos;panelControl&apos; AND VARIABLE = &apos;url&apos; AND ACTIVE_FLAG = &apos;1&apos; LIMIT 1
id = 1 value = http://www.hepsiburada.com
id = 1 value = http://www.hepsiburada.com
Select Query: SELECT ID, VALUE, ACTIVE_FLAG from SCENARIO_INPUTS WHERE SCENARIO_NAME = &apos;HepsiBuradaTest&apos; AND TEST_STEP = &apos;panelControl&apos; AND VARIABLE = &apos;searchKey&apos; AND ACTIVE_FLAG = &apos;1&apos; LIMIT 1
id = 2 value = telefon
Select Query: SELECT ID, VALUE, ACTIVE_FLAG from SCENARIO_INPUTS WHERE SCENARIO_NAME = &apos;HepsiBuradaTest&apos; AND TEST_STEP = &apos;panelControl&apos; AND VARIABLE = &apos;searchKey&apos; AND ACTIVE_FLAG = &apos;1&apos; LIMIT 1
id = 4 value = telefon
Starting test panelControl, for browser:firefoxV52.0.2
Select Query: SELECT ID, VALUE, ACTIVE_FLAG from SCENARIO_INPUTS WHERE SCENARIO_NAME = &apos;HepsiBuradaTest&apos; AND TEST_STEP = &apos;panelControl&apos; AND VARIABLE = &apos;url&apos; AND ACTIVE_FLAG = &apos;1&apos; LIMIT 1
id = 3 value = http://www.hepsiburada.com
Select Query: SELECT ID, VALUE, ACTIVE_FLAG from SCENARIO_INPUTS WHERE SCENARIO_NAME = &apos;HepsiBuradaTest&apos; AND TEST_STEP = &apos;panelControl&apos; AND VARIABLE = &apos;searchKey&apos; AND ACTIVE_FLAG = &apos;1&apos; LIMIT 1
id = 6 value = telefon
Starting test panelControl, for browser:firefoxV55.0.3
Select Query: SELECT ID, VALUE, ACTIVE_FLAG from SCENARIO_INPUTS WHERE SCENARIO_NAME = &apos;HepsiBuradaTest&apos; AND TEST_STEP = &apos;panelControl&apos; AND VARIABLE = &apos;url&apos; AND ACTIVE_FLAG = &apos;1&apos; LIMIT 1
id = 5 value = http://www.hepsiburada.com
Select Query: SELECT ID, VALUE, ACTIVE_FLAG from SCENARIO_INPUTS WHERE SCENARIO_NAME = &apos;HepsiBuradaTest&apos; AND TEST_STEP = &apos;panelControl&apos; AND VARIABLE = &apos;searchKey&apos; AND ACTIVE_FLAG = &apos;1&apos; LIMIT 1
id = 8 value = telefon
Starting test panelControl, for browser:internet explorerV11.0.9600.17107
Select Query: SELECT ID, VALUE, ACTIVE_FLAG from SCENARIO_INPUTS WHERE SCENARIO_NAME = &apos;HepsiBuradaTest&apos; AND TEST_STEP = &apos;panelControl&apos; AND VARIABLE = &apos;url&apos; AND ACTIVE_FLAG = &apos;1&apos; LIMIT 1
id = 7 value = http://www.hepsiburada.com
Select Query: SELECT ID, VALUE, ACTIVE_FLAG from SCENARIO_INPUTS WHERE SCENARIO_NAME = &apos;HepsiBuradaTest&apos; AND TEST_STEP = &apos;panelControl&apos; AND VARIABLE = &apos;searchKey&apos; AND ACTIVE_FLAG = &apos;1&apos; LIMIT 1
id = 10 value = telefon
SUCCESS: Title matches!
Total Time(ms):22901
Ending test panelControl, for browser:firefoxV55.0.3
</system-out>
    <system-err>Eyl 19, 2017 10:20:26 PM org.openqa.selenium.remote.ProtocolHandshake createSession
INFO: Detected dialect: OSS
Eyl 19, 2017 10:20:26 PM org.openqa.selenium.remote.ProtocolHandshake createSession
INFO: Detected dialect: OSS
Eyl 19, 2017 10:20:30 PM org.openqa.selenium.remote.ProtocolHandshake createSession
INFO: Detected dialect: OSS
Eyl 19, 2017 10:20:31 PM org.openqa.selenium.remote.ProtocolHandshake createSession
INFO: Detected dialect: W3C
Eyl 19, 2017 10:20:32 PM org.openqa.selenium.remote.ProtocolHandshake createSession
INFO: Detected dialect: OSS
</system-err>
  </testcase>
  <testcase classname="selenium.test.cases.HepsiBuradaTest" name="panelControl[1]" time="31.338"/>
  <testcase classname="selenium.test.cases.HepsiBuradaTest" name="panelControl[3]" time="35.849"/>
  <testcase classname="selenium.test.cases.HepsiBuradaTest" name="panelControl[2]" time="36.591"/>
  <testcase classname="selenium.test.cases.HepsiBuradaTest" name="panelControl[0]" time="46.056"/>
</testsuite>